  main.cpp
F:\Games101\作业\作业3\Code\Texture.hpp(30,54): warning C4244: “参数”: 从“float”转换到“int”，可能丢失数据
F:\Games101\作业\作业3\Code\Texture.hpp(30,47): warning C4244: “参数”: 从“float”转换到“int”，可能丢失数据
F:\Games101\作业\作业3\Code\OBJ_Loader.h(951,33): warning C4244: “初始化”: 从“double”转换到“float”，可能丢失数据
F:\Games101\作业\作业3\Code\main.cpp(30,24): warning C4244: “=”: 从“double”转换到“float”，可能丢失数据
F:\Games101\作业\作业3\Code\main.cpp(134,59): warning C4305: “参数”: 从“double”到“const float”截断
F:\Games101\作业\作业3\Code\main.cpp(136,62): warning C4305: “参数”: 从“double”到“const float”截断
F:\Games101\作业\作业3\Code\main.cpp(177,59): warning C4305: “参数”: 从“double”到“const float”截断
F:\Games101\作业\作业3\Code\main.cpp(179,62): warning C4305: “参数”: 从“double”到“const float”截断
F:\Games101\作业\作业3\Code\main.cpp(206,59): warning C4305: “参数”: 从“double”到“const float”截断
F:\Games101\作业\作业3\Code\main.cpp(208,62): warning C4305: “参数”: 从“double”到“const float”截断
F:\Games101\作业\作业3\Code\main.cpp(223,16): warning C4305: “初始化”: 从“double”到“float”截断
F:\Games101\作业\作业3\Code\main.cpp(223,26): warning C4305: “初始化”: 从“double”到“float”截断
F:\Games101\作业\作业3\Code\main.cpp(249,59): warning C4305: “参数”: 从“double”到“const float”截断
F:\Games101\作业\作业3\Code\main.cpp(251,62): warning C4305: “参数”: 从“double”到“const float”截断
F:\Games101\作业\作业3\Code\main.cpp(266,16): warning C4305: “初始化”: 从“double”到“float”截断
F:\Games101\作业\作业3\Code\main.cpp(266,26): warning C4305: “初始化”: 从“double”到“float”截断
F:\Games101\作业\作业3\Code\main.cpp(370,58): warning C4305: “参数”: 从“double”到“float”截断
F:\Games101\作业\作业3\Code\main.cpp(388,58): warning C4305: “参数”: 从“double”到“float”截断
  3.shading.vcxproj -> F:\Graphic\games101作业\x64\Debug\3.shading.exe
